main -- time : 1547214975.423657829s
fact -- time : 1547214975.425082292s
fact -- time : 1547214975.426370305s
fact -- time : 1547214975.427637545s
fact -- time : 1547214975.428798452s
fact -- time : 1547214975.429802183s
END -- time : 1547214975.430904311s
END -- time : 1547214975.431703358s
END -- time : 1547214975.432363209s
END -- time : 1547214975.433400590s
END -- time : 1547214975.434405689s
allouer_noeud -- time : 1547214975.435401501s
END -- time : 1547214975.436372199s
allouer_noeud -- time : 1547214975.437391140s
END -- time : 1547214975.438343138s
allouer_noeud -- time : 1547214975.439174877s
END -- time : 1547214975.440109502s
allouer_noeud -- time : 1547214975.441002299s
END -- time : 1547214975.441798907s
allouer_noeud -- time : 1547214975.442692456s
END -- time : 1547214975.443745551s
print_arbre -- time : 1547214975.444548246s
print_arbre -- time : 1547214975.445601730s
print_arbre -- time : 1547214975.446834736s
print_arbre -- time : 1547214975.447750572s
END -- time : 1547214975.448546478s
print_arbre -- time : 1547214975.449497348s
END -- time : 1547214975.450419460s
END -- time : 1547214975.451318643s
print_arbre -- time : 1547214975.452320390s
print_arbre -- time : 1547214975.453416325s
END -- time : 1547214975.454335197s
print_arbre -- time : 1547214975.455259174s
END -- time : 1547214975.456153451s
END -- time : 1547214975.457076669s
END -- time : 1547214975.458011908s
print_arbre -- time : 1547214975.458753309s
print_arbre -- time : 1547214975.459536600s
END -- time : 1547214975.460345456s
print_arbre -- time : 1547214975.461255696s
END -- time : 1547214975.462466629s
END -- time : 1547214975.463769618s
END -- time : 1547214975.464795650s
echange_fils -- time : 1547214975.465975537s
fact -- time : 1547214975.467329454s
fact -- time : 1547214975.468500686s
fact -- time : 1547214975.469756430s
END -- time : 1547214975.470855075s
END -- time : 1547214975.472036612s
END -- time : 1547214975.473240094s
END -- time : 1547214975.474516091s
echange_fils -- time : 1547214975.475647238s
fact -- time : 1547214975.476749768s
fact -- time : 1547214975.478079248s
fact -- time : 1547214975.479519180s
END -- time : 1547214975.480532324s
END -- time : 1547214975.481545595s
END -- time : 1547214975.482595609s
END -- time : 1547214975.483777293s
print_arbre -- time : 1547214975.484868995s
print_arbre -- time : 1547214975.485927159s
print_arbre -- time : 1547214975.487331780s
END -- time : 1547214975.488391717s
print_arbre -- time : 1547214975.489574187s
END -- time : 1547214975.491163231s
END -- time : 1547214975.492361172s
print_arbre -- time : 1547214975.493635765s
print_arbre -- time : 1547214975.494779144s
print_arbre -- time : 1547214975.495958629s
END -- time : 1547214975.497062354s
print_arbre -- time : 1547214975.497898163s
END -- time : 1547214975.498858126s
END -- time : 1547214975.499831921s
print_arbre -- time : 1547214975.501168581s
print_arbre -- time : 1547214975.502327179s
END -- time : 1547214975.503356914s
print_arbre -- time : 1547214975.505008991s
END -- time : 1547214975.505917406s
END -- time : 1547214975.506815935s
END -- time : 1547214975.507695991s
END -- time : 1547214975.508627947s
incremente_arbre -- time : 1547214975.509608194s
incremente_arbre -- time : 1547214975.510788432s
incremente_arbre -- time : 1547214975.511872632s
END -- time : 1547214975.514780735s
incremente_arbre -- time : 1547214975.515859084s
END -- time : 1547214975.516721206s
END -- time : 1547214975.521543279s
incremente_arbre -- time : 1547214975.522475604s
incremente_arbre -- time : 1547214975.523272866s
incremente_arbre -- time : 1547214975.524074118s
END -- time : 1547214975.525101452s
incremente_arbre -- time : 1547214975.526261610s
END -- time : 1547214975.527610170s
END -- time : 1547214975.528524905s
incremente_arbre -- time : 1547214975.529313872s
incremente_arbre -- time : 1547214975.530071585s
END -- time : 1547214975.530925928s
incremente_arbre -- time : 1547214975.531720430s
END -- time : 1547214975.532542446s
END -- time : 1547214975.533356392s
END -- time : 1547214975.534137013s
END -- time : 1547214975.534983374s
print_arbre -- time : 1547214975.535927632s
print_arbre -- time : 1547214975.536683134s
print_arbre -- time : 1547214975.537366300s
END -- time : 1547214975.537972279s
print_arbre -- time : 1547214975.538650833s
END -- time : 1547214975.539287381s
END -- time : 1547214975.539865538s
print_arbre -- time : 1547214975.540469819s
print_arbre -- time : 1547214975.541178883s
print_arbre -- time : 1547214975.541779958s
END -- time : 1547214975.542402445s
print_arbre -- time : 1547214975.543064884s
END -- time : 1547214975.543718999s
END -- time : 1547214975.544262999s
print_arbre -- time : 1547214975.544933905s
print_arbre -- time : 1547214975.545532137s
END -- time : 1547214975.546085633s
print_arbre -- time : 1547214975.546706288s
END -- time : 1547214975.547302084s
END -- time : 1547214975.547993185s
END -- time : 1547214975.548562490s
END -- time : 1547214975.549182093s
detruire_arbre -- time : 1547214975.549703964s
detruire_arbre -- time : 1547214975.550239175s
detruire_arbre -- time : 1547214975.550808054s
END -- time : 1547214975.551353389s
detruire_arbre -- time : 1547214975.552001855s
END -- time : 1547214975.552582361s
END -- time : 1547214975.553182797s
detruire_arbre -- time : 1547214975.553753754s
detruire_arbre -- time : 1547214975.554440385s
detruire_arbre -- time : 1547214975.555096912s
END -- time : 1547214975.555776731s
detruire_arbre -- time : 1547214975.556496558s
END -- time : 1547214975.557285432s
END -- time : 1547214975.558042062s
detruire_arbre -- time : 1547214975.558701056s
detruire_arbre -- time : 1547214975.559397705s
END -- time : 1547214975.559937216s
detruire_arbre -- time : 1547214975.560476154s
END -- time : 1547214975.561022035s
END -- time : 1547214975.561561479s
END -- time : 1547214975.562174862s
END -- time : 1547214975.562884756s
END -- time : 1547214975.563817937s
